# JRE version: Java(TM) SE Runtime Environment (19.0+36) (build 19+36-2238)
# Java VM: Java HotSpot(TM) 64-Bit Server VM (19+36-2238, mixed mode, sharing, tiered, compressed oops, compressed class ptrs, g1 gc, windows-amd64)
GC Precious Log:
 CardTable entry size: 512
 Card Set container configuration: InlinePtr #cards 5 size 8 Array Of Cards #cards 12 size 40 Howl #buckets 4 coarsen threshold 1843 Howl Bitmap #cards 512 size 80 coarsen threshold 460 Card regions per heap region 1 cards per card region 2048
 CPUs: 8 total, 8 available
 Memory: 3533M
 Large Page Support: Disabled
 NUMA Support: Disabled
 Compressed Oops: Enabled (32-bit)
 Heap Region Size: 1M
 Heap Min Capacity: 8M
 Heap Initial Capacity: 56M
 Heap Max Capacity: 884M
 Pre-touch: Disabled
 Parallel Workers: 8
 Concurrent Workers: 2
 Concurrent Refinement Workers: 8
 Periodic GC: Disabled
Heap:
 garbage-first heap   total 69632K, used 47529K [0x00000000c8c00000, 0x0000000100000000)
  region size 1024K, 18 young (18432K), 1 survivors (1024K)
 Metaspace       used 71768K, committed 72256K, reserved 1114112K
  class space    used 8929K, committed 9152K, reserved 1048576K
GC Heap History (20 events):
Event: 6243.039 GC heap before
{Heap before GC invocations=94 (full 0):
 garbage-first heap   total 53248K, used 43329K [0x00000000c8c00000, 0x0000000100000000)
  region size 1024K, 13 young (13312K), 1 survivors (1024K)
 Metaspace       used 71766K, committed 72256K, reserved 1114112K
  class space    used 8929K, committed 9152K, reserved 1048576K
}
Event: 6243.042 GC heap after
{Heap after GC invocations=95 (full 0):
 garbage-first heap   total 53248K, used 32085K [0x00000000c8c00000, 0x0000000100000000)
  region size 1024K, 1 young (1024K), 1 survivors (1024K)
 Metaspace       used 71766K, committed 72256K, reserved 1114112K
  class space    used 8929K, committed 9152K, reserved 1048576K
}
Event: 6244.765 GC heap before
{Heap before GC invocations=95 (full 0):
 garbage-first heap   total 53248K, used 43349K [0x00000000c8c00000, 0x0000000100000000)
  region size 1024K, 13 young (13312K), 1 survivors (1024K)
 Metaspace       used 71766K, committed 72256K, reserved 1114112K
  class space    used 8929K, committed 9152K, reserved 1048576K
}
Event: 6244.782 GC heap after
{Heap after GC invocations=96 (full 0):
 garbage-first heap   total 53248K, used 32092K [0x00000000c8c00000, 0x0000000100000000)
  region size 1024K, 1 young (1024K), 1 survivors (1024K)
 Metaspace       used 71766K, committed 72256K, reserved 1114112K
  class space    used 8929K, committed 9152K, reserved 1048576K
}
Event: 6245.346 GC heap before
{Heap before GC invocations=96 (full 0):
 garbage-first heap   total 53248K, used 43356K [0x00000000c8c00000, 0x0000000100000000)
  region size 1024K, 13 young (13312K), 1 survivors (1024K)
 Metaspace       used 71766K, committed 72256K, reserved 1114112K
  class space    used 8929K, committed 9152K, reserved 1048576K
}
Event: 6245.355 GC heap after
{Heap after GC invocations=97 (full 0):
 garbage-first heap   total 53248K, used 32080K [0x00000000c8c00000, 0x0000000100000000)
  region size 1024K, 1 young (1024K), 1 survivors (1024K)
 Metaspace       used 71766K, committed 72256K, reserved 1114112K
  class space    used 8929K, committed 9152K, reserved 1048576K
}
Event: 6252.601 GC heap before
{Heap before GC invocations=97 (full 0):
 garbage-first heap   total 53248K, used 43344K [0x00000000c8c00000, 0x0000000100000000)
  region size 1024K, 13 young (13312K), 1 survivors (1024K)
 Metaspace       used 71766K, committed 72256K, reserved 1114112K
  class space    used 8929K, committed 9152K, reserved 1048576K
}
Event: 6252.604 GC heap after
{Heap after GC invocations=98 (full 0):
 garbage-first heap   total 53248K, used 32106K [0x00000000c8c00000, 0x0000000100000000)
  region size 1024K, 1 young (1024K), 1 survivors (1024K)
 Metaspace       used 71766K, committed 72256K, reserved 1114112K
  class space    used 8929K, committed 9152K, reserved 1048576K
}
Event: 6252.984 GC heap before
{Heap before GC invocations=98 (full 0):
 garbage-first heap   total 53248K, used 43370K [0x00000000c8c00000, 0x0000000100000000)
  region size 1024K, 13 young (13312K), 1 survivors (1024K)
 Metaspace       used 71766K, committed 72256K, reserved 1114112K
  class space    used 8929K, committed 9152K, reserved 1048576K
}
Event: 6252.988 GC heap after
{Heap after GC invocations=99 (full 0):
 garbage-first heap   total 53248K, used 32096K [0x00000000c8c00000, 0x0000000100000000)
  region size 1024K, 1 young (1024K), 1 survivors (1024K)
 Metaspace       used 71766K, committed 72256K, reserved 1114112K
  class space    used 8929K, committed 9152K, reserved 1048576K
}
Event: 6253.297 GC heap before
{Heap before GC invocations=99 (full 0):
 garbage-first heap   total 53248K, used 43360K [0x00000000c8c00000, 0x0000000100000000)
  region size 1024K, 13 young (13312K), 1 survivors (1024K)
 Metaspace       used 71766K, committed 72256K, reserved 1114112K
  class space    used 8929K, committed 9152K, reserved 1048576K
}
Event: 6253.301 GC heap after
{Heap after GC invocations=100 (full 0):
 garbage-first heap   total 53248K, used 32137K [0x00000000c8c00000, 0x0000000100000000)
  region size 1024K, 1 young (1024K), 1 survivors (1024K)
 Metaspace       used 71766K, committed 72256K, reserved 1114112K
  class space    used 8929K, committed 9152K, reserved 1048576K
}
Event: 6253.700 GC heap before
{Heap before GC invocations=100 (full 0):
 garbage-first heap   total 53248K, used 43401K [0x00000000c8c00000, 0x0000000100000000)
  region size 1024K, 13 young (13312K), 1 survivors (1024K)
 Metaspace       used 71766K, committed 72256K, reserved 1114112K
  class space    used 8929K, committed 9152K, reserved 1048576K
}
Event: 6253.713 GC heap after
{Heap after GC invocations=101 (full 0):
 garbage-first heap   total 53248K, used 32106K [0x00000000c8c00000, 0x0000000100000000)
  region size 1024K, 1 young (1024K), 1 survivors (1024K)
 Metaspace       used 71766K, committed 72256K, reserved 1114112K
  class space    used 8929K, committed 9152K, reserved 1048576K
}
Event: 6254.211 GC heap before
{Heap before GC invocations=101 (full 0):
 garbage-first heap   total 53248K, used 43370K [0x00000000c8c00000, 0x0000000100000000)
  region size 1024K, 13 young (13312K), 1 survivors (1024K)
 Metaspace       used 71766K, committed 72256K, reserved 1114112K
  class space    used 8929K, committed 9152K, reserved 1048576K
}
Event: 6254.227 GC heap after
{Heap after GC invocations=102 (full 0):
 garbage-first heap   total 69632K, used 32121K [0x00000000c8c00000, 0x0000000100000000)
  region size 1024K, 1 young (1024K), 1 survivors (1024K)
 Metaspace       used 71766K, committed 72256K, reserved 1114112K
  class space    used 8929K, committed 9152K, reserved 1048576K
}
Event: 6254.937 GC heap before
{Heap before GC invocations=102 (full 0):
 garbage-first heap   total 69632K, used 58745K [0x00000000c8c00000, 0x0000000100000000)
  region size 1024K, 28 young (28672K), 1 survivors (1024K)
 Metaspace       used 71766K, committed 72256K, reserved 1114112K
  class space    used 8929K, committed 9152K, reserved 1048576K
}
Event: 6254.944 GC heap after
{Heap after GC invocations=103 (full 0):
 garbage-first heap   total 69632K, used 32130K [0x00000000c8c00000, 0x0000000100000000)
  region size 1024K, 1 young (1024K), 1 survivors (1024K)
 Metaspace       used 71766K, committed 72256K, reserved 1114112K
  class space    used 8929K, committed 9152K, reserved 1048576K
}
Event: 6255.630 GC heap before
{Heap before GC invocations=103 (full 0):
 garbage-first heap   total 69632K, used 58754K [0x00000000c8c00000, 0x0000000100000000)
  region size 1024K, 28 young (28672K), 1 survivors (1024K)
 Metaspace       used 71768K, committed 72256K, reserved 1114112K
  class space    used 8929K, committed 9152K, reserved 1048576K
}
Event: 6255.658 GC heap after
{Heap after GC invocations=104 (full 0):
 garbage-first heap   total 69632K, used 32169K [0x00000000c8c00000, 0x0000000100000000)
  region size 1024K, 1 young (1024K), 1 survivors (1024K)
 Metaspace       used 71768K, committed 72256K, reserved 1114112K
  class space    used 8929K, committed 9152K, reserved 1048576K
}

