# JRE version: Java(TM) SE Runtime Environment (19.0+36) (build 19+36-2238)
# Java VM: Java HotSpot(TM) 64-Bit Server VM (19+36-2238, mixed mode, sharing, tiered, compressed oops, compressed class ptrs, g1 gc, windows-amd64)
GC Precious Log:
 CardTable entry size: 512
 Card Set container configuration: InlinePtr #cards 5 size 8 Array Of Cards #cards 12 size 40 Howl #buckets 4 coarsen threshold 1843 Howl Bitmap #cards 512 size 80 coarsen threshold 460 Card regions per heap region 1 cards per card region 2048
 CPUs: 8 total, 8 available
 Memory: 3533M
 Large Page Support: Disabled
 NUMA Support: Disabled
 Compressed Oops: Enabled (32-bit)
 Heap Region Size: 1M
 Heap Min Capacity: 8M
 Heap Initial Capacity: 56M
 Heap Max Capacity: 884M
 Pre-touch: Disabled
 Parallel Workers: 8
 Concurrent Workers: 2
 Concurrent Refinement Workers: 8
 Periodic GC: Disabled
Heap:
 garbage-first heap   total 200704K, used 57674K [0x00000000c8c00000, 0x0000000100000000)
  region size 1024K, 30 young (30720K), 1 survivors (1024K)
 Metaspace       used 69151K, committed 69568K, reserved 1114112K
  class space    used 8643K, committed 8832K, reserved 1048576K
GC Heap History (20 events):
Event: 459.961 GC heap before
{Heap before GC invocations=67 (full 0):
 garbage-first heap   total 200704K, used 148033K [0x00000000c8c00000, 0x0000000100000000)
  region size 1024K, 117 young (119808K), 1 survivors (1024K)
 Metaspace       used 69137K, committed 69568K, reserved 1114112K
  class space    used 8641K, committed 8832K, reserved 1048576K
}
Event: 459.986 GC heap after
{Heap after GC invocations=68 (full 0):
 garbage-first heap   total 200704K, used 29255K [0x00000000c8c00000, 0x0000000100000000)
  region size 1024K, 1 young (1024K), 1 survivors (1024K)
 Metaspace       used 69137K, committed 69568K, reserved 1114112K
  class space    used 8641K, committed 8832K, reserved 1048576K
}
Event: 474.648 GC heap before
{Heap before GC invocations=68 (full 0):
 garbage-first heap   total 200704K, used 148039K [0x00000000c8c00000, 0x0000000100000000)
  region size 1024K, 117 young (119808K), 1 survivors (1024K)
 Metaspace       used 69139K, committed 69568K, reserved 1114112K
  class space    used 8642K, committed 8832K, reserved 1048576K
}
Event: 474.668 GC heap after
{Heap after GC invocations=69 (full 0):
 garbage-first heap   total 200704K, used 29265K [0x00000000c8c00000, 0x0000000100000000)
  region size 1024K, 1 young (1024K), 1 survivors (1024K)
 Metaspace       used 69139K, committed 69568K, reserved 1114112K
  class space    used 8642K, committed 8832K, reserved 1048576K
}
Event: 486.484 GC heap before
{Heap before GC invocations=69 (full 0):
 garbage-first heap   total 200704K, used 147025K [0x00000000c8c00000, 0x0000000100000000)
  region size 1024K, 117 young (119808K), 1 survivors (1024K)
 Metaspace       used 69143K, committed 69568K, reserved 1114112K
  class space    used 8642K, committed 8832K, reserved 1048576K
}
Event: 486.489 GC heap after
{Heap after GC invocations=70 (full 0):
 garbage-first heap   total 200704K, used 29263K [0x00000000c8c00000, 0x0000000100000000)
  region size 1024K, 1 young (1024K), 1 survivors (1024K)
 Metaspace       used 69143K, committed 69568K, reserved 1114112K
  class space    used 8642K, committed 8832K, reserved 1048576K
}
Event: 494.470 GC heap before
{Heap before GC invocations=70 (full 0):
 garbage-first heap   total 200704K, used 148047K [0x00000000c8c00000, 0x0000000100000000)
  region size 1024K, 117 young (119808K), 1 survivors (1024K)
 Metaspace       used 69146K, committed 69568K, reserved 1114112K
  class space    used 8642K, committed 8832K, reserved 1048576K
}
Event: 494.497 GC heap after
{Heap after GC invocations=71 (full 0):
 garbage-first heap   total 200704K, used 29241K [0x00000000c8c00000, 0x0000000100000000)
  region size 1024K, 1 young (1024K), 1 survivors (1024K)
 Metaspace       used 69146K, committed 69568K, reserved 1114112K
  class space    used 8642K, committed 8832K, reserved 1048576K
}
Event: 508.630 GC heap before
{Heap before GC invocations=71 (full 0):
 garbage-first heap   total 200704K, used 148025K [0x00000000c8c00000, 0x0000000100000000)
  region size 1024K, 117 young (119808K), 1 survivors (1024K)
 Metaspace       used 69146K, committed 69568K, reserved 1114112K
  class space    used 8642K, committed 8832K, reserved 1048576K
}
Event: 508.682 GC heap after
{Heap after GC invocations=72 (full 0):
 garbage-first heap   total 200704K, used 29263K [0x00000000c8c00000, 0x0000000100000000)
  region size 1024K, 1 young (1024K), 1 survivors (1024K)
 Metaspace       used 69146K, committed 69568K, reserved 1114112K
  class space    used 8642K, committed 8832K, reserved 1048576K
}
Event: 520.632 GC heap before
{Heap before GC invocations=72 (full 0):
 garbage-first heap   total 200704K, used 148047K [0x00000000c8c00000, 0x0000000100000000)
  region size 1024K, 117 young (119808K), 1 survivors (1024K)
 Metaspace       used 69146K, committed 69568K, reserved 1114112K
  class space    used 8643K, committed 8832K, reserved 1048576K
}
Event: 520.639 GC heap after
{Heap after GC invocations=73 (full 0):
 garbage-first heap   total 200704K, used 29287K [0x00000000c8c00000, 0x0000000100000000)
  region size 1024K, 1 young (1024K), 1 survivors (1024K)
 Metaspace       used 69146K, committed 69568K, reserved 1114112K
  class space    used 8643K, committed 8832K, reserved 1048576K
}
Event: 544.581 GC heap before
{Heap before GC invocations=73 (full 0):
 garbage-first heap   total 200704K, used 147047K [0x00000000c8c00000, 0x0000000100000000)
  region size 1024K, 117 young (119808K), 1 survivors (1024K)
 Metaspace       used 69147K, committed 69568K, reserved 1114112K
  class space    used 8643K, committed 8832K, reserved 1048576K
}
Event: 544.627 GC heap after
{Heap after GC invocations=74 (full 0):
 garbage-first heap   total 200704K, used 29271K [0x00000000c8c00000, 0x0000000100000000)
  region size 1024K, 1 young (1024K), 1 survivors (1024K)
 Metaspace       used 69147K, committed 69568K, reserved 1114112K
  class space    used 8643K, committed 8832K, reserved 1048576K
}
Event: 554.792 GC heap before
{Heap before GC invocations=74 (full 0):
 garbage-first heap   total 200704K, used 148055K [0x00000000c8c00000, 0x0000000100000000)
  region size 1024K, 117 young (119808K), 1 survivors (1024K)
 Metaspace       used 69148K, committed 69568K, reserved 1114112K
  class space    used 8643K, committed 8832K, reserved 1048576K
}
Event: 554.864 GC heap after
{Heap after GC invocations=75 (full 0):
 garbage-first heap   total 200704K, used 29296K [0x00000000c8c00000, 0x0000000100000000)
  region size 1024K, 1 young (1024K), 1 survivors (1024K)
 Metaspace       used 69148K, committed 69568K, reserved 1114112K
  class space    used 8643K, committed 8832K, reserved 1048576K
}
Event: 592.708 GC heap before
{Heap before GC invocations=75 (full 0):
 garbage-first heap   total 200704K, used 148080K [0x00000000c8c00000, 0x0000000100000000)
  region size 1024K, 117 young (119808K), 1 survivors (1024K)
 Metaspace       used 69148K, committed 69568K, reserved 1114112K
  class space    used 8643K, committed 8832K, reserved 1048576K
}
Event: 592.808 GC heap after
{Heap after GC invocations=76 (full 0):
 garbage-first heap   total 200704K, used 29311K [0x00000000c8c00000, 0x0000000100000000)
  region size 1024K, 1 young (1024K), 1 survivors (1024K)
 Metaspace       used 69148K, committed 69568K, reserved 1114112K
  class space    used 8643K, committed 8832K, reserved 1048576K
}
Event: 631.239 GC heap before
{Heap before GC invocations=76 (full 0):
 garbage-first heap   total 200704K, used 147071K [0x00000000c8c00000, 0x0000000100000000)
  region size 1024K, 117 young (119808K), 1 survivors (1024K)
 Metaspace       used 69151K, committed 69568K, reserved 1114112K
  class space    used 8643K, committed 8832K, reserved 1048576K
}
Event: 631.318 GC heap after
{Heap after GC invocations=77 (full 0):
 garbage-first heap   total 200704K, used 30026K [0x00000000c8c00000, 0x0000000100000000)
  region size 1024K, 1 young (1024K), 1 survivors (1024K)
 Metaspace       used 69151K, committed 69568K, reserved 1114112K
  class space    used 8643K, committed 8832K, reserved 1048576K
}

